mode: set
github.com/filetug/filetug/pkg/filetug/basket.go:9.49,11.2 1 1
github.com/filetug/filetug/pkg/filetug/basket.go:13.26,15.2 1 1
github.com/filetug/filetug/pkg/filetug/bottom.go:22.40,39.2 6 1
github.com/filetug/filetug/pkg/filetug/bottom.go:41.27,45.2 2 1
github.com/filetug/filetug/pkg/filetug/bottom.go:45.2,48.3 2 1
github.com/filetug/filetug/pkg/filetug/bottom.go:49.2,50.2 2 1
github.com/filetug/filetug/pkg/filetug/bottom.go:50.2,54.3 3 1
github.com/filetug/filetug/pkg/filetug/bottom.go:56.2,57.17 2 1
github.com/filetug/filetug/pkg/filetug/bottom.go:60.68,63.31 3 1
github.com/filetug/filetug/pkg/filetug/bottom.go:63.31,65.34 2 1
github.com/filetug/filetug/pkg/filetug/bottom.go:65.34,68.4 2 1
github.com/filetug/filetug/pkg/filetug/bottom.go:69.3,70.15 2 1
github.com/filetug/filetug/pkg/filetug/bottom.go:71.12,72.17 1 1
github.com/filetug/filetug/pkg/filetug/bottom.go:73.12,74.17 1 1
github.com/filetug/filetug/pkg/filetug/bottom.go:76.3,78.28 3 1
github.com/filetug/filetug/pkg/filetug/bottom.go:80.2,82.20 3 1
github.com/filetug/filetug/pkg/filetug/bottom.go:85.52,86.21 1 1
github.com/filetug/filetug/pkg/filetug/bottom.go:86.21,88.3 1 1
github.com/filetug/filetug/pkg/filetug/bottom.go:90.2,91.14 2 1
github.com/filetug/filetug/pkg/filetug/bottom.go:91.14,93.3 1 1
github.com/filetug/filetug/pkg/filetug/bottom.go:95.2,96.31 2 1
github.com/filetug/filetug/pkg/filetug/bottom.go:96.31,97.50 1 1
github.com/filetug/filetug/pkg/filetug/bottom.go:97.50,100.4 2 1
github.com/filetug/filetug/pkg/filetug/bottom.go:104.29,105.2 0 1
github.com/filetug/filetug/pkg/filetug/bottom.go:109.53,131.2 1 1
github.com/filetug/filetug/pkg/filetug/bottom.go:133.51,135.62 1 1
github.com/filetug/filetug/pkg/filetug/bottom.go:135.63,135.64 0 0
github.com/filetug/filetug/pkg/filetug/bottom.go:136.63,136.64 0 0
github.com/filetug/filetug/pkg/filetug/bottom.go:137.63,137.64 0 0
github.com/filetug/filetug/pkg/filetug/bottom.go:138.63,138.64 0 0
github.com/filetug/filetug/pkg/filetug/bottom.go:139.63,139.64 0 0
github.com/filetug/filetug/pkg/filetug/bottom.go:140.65,140.66 0 0
github.com/filetug/filetug/pkg/filetug/bottom.go:141.65,141.66 0 0
github.com/filetug/filetug/pkg/filetug/bottom.go:142.65,142.66 0 0
github.com/filetug/filetug/pkg/filetug/bottom.go:146.52,148.58 1 1
github.com/filetug/filetug/pkg/filetug/bottom.go:148.58,148.89 2 1
github.com/filetug/filetug/pkg/filetug/bottom.go:149.57,149.58 0 1
github.com/filetug/filetug/pkg/filetug/bottom.go:150.60,150.61 0 1
github.com/filetug/filetug/pkg/filetug/bottom.go:151.60,151.61 0 1
github.com/filetug/filetug/pkg/filetug/bottom.go:152.64,152.65 0 1
github.com/filetug/filetug/pkg/filetug/bottom.go:153.64,153.65 0 1
github.com/filetug/filetug/pkg/filetug/bottom.go:154.60,154.61 0 1
github.com/filetug/filetug/pkg/filetug/bottom.go:155.60,155.61 0 1
github.com/filetug/filetug/pkg/filetug/bottom.go:156.58,156.59 0 1
github.com/filetug/filetug/pkg/filetug/container.go:12.57,18.24 2 1
github.com/filetug/filetug/pkg/filetug/container.go:18.24,19.23 1 1
github.com/filetug/filetug/pkg/filetug/container.go:19.23,21.4 1 1
github.com/filetug/filetug/pkg/filetug/container.go:21.9,23.4 1 1
github.com/filetug/filetug/pkg/filetug/container.go:25.2,25.10 1 1
github.com/filetug/filetug/pkg/filetug/container.go:28.51,29.31 1 1
github.com/filetug/filetug/pkg/filetug/container.go:29.31,31.3 1 1
github.com/filetug/filetug/pkg/filetug/container.go:32.2,34.27 3 1
github.com/filetug/filetug/pkg/filetug/favorites_panel.go:38.39,43.2 4 1
github.com/filetug/filetug/pkg/filetug/favorites_panel.go:45.42,50.2 1 1
github.com/filetug/filetug/pkg/filetug/favorites_panel.go:52.56,75.72 11 1
github.com/filetug/filetug/pkg/filetug/favorites_panel.go:75.72,76.22 1 1
github.com/filetug/filetug/pkg/filetug/favorites_panel.go:77.24,78.40 1 1
github.com/filetug/filetug/pkg/filetug/favorites_panel.go:78.40,80.5 1 1
github.com/filetug/filetug/pkg/filetug/favorites_panel.go:81.4,81.14 1 1
github.com/filetug/filetug/pkg/filetug/favorites_panel.go:82.11,83.16 1 1
github.com/filetug/filetug/pkg/filetug/favorites_panel.go:86.2,93.12 6 1
github.com/filetug/filetug/pkg/filetug/favorites_panel.go:93.12,95.17 2 1
github.com/filetug/filetug/pkg/filetug/favorites_panel.go:95.17,97.4 1 1
github.com/filetug/filetug/pkg/filetug/favorites_panel.go:98.3,101.20 4 1
github.com/filetug/filetug/pkg/filetug/favorites_panel.go:101.20,105.4 3 1
github.com/filetug/filetug/pkg/filetug/favorites_panel.go:106.3,106.39 1 1
github.com/filetug/filetug/pkg/filetug/favorites_panel.go:106.39,108.4 1 1
github.com/filetug/filetug/pkg/filetug/favorites_panel.go:108.9,110.4 1 1
github.com/filetug/filetug/pkg/filetug/favorites_panel.go:112.2,112.10 1 1
github.com/filetug/filetug/pkg/filetug/favorites_panel.go:115.37,118.31 3 1
github.com/filetug/filetug/pkg/filetug/favorites_panel.go:118.31,119.32 1 1
github.com/filetug/filetug/pkg/filetug/favorites_panel.go:119.32,121.4 1 1
github.com/filetug/filetug/pkg/filetug/favorites_panel.go:122.3,122.76 1 1
github.com/filetug/filetug/pkg/filetug/favorites_panel.go:122.76,124.4 1 1
github.com/filetug/filetug/pkg/filetug/favorites_panel.go:125.3,127.34 2 1
github.com/filetug/filetug/pkg/filetug/favorites_panel.go:127.34,128.21 1 1
github.com/filetug/filetug/pkg/filetug/favorites_panel.go:129.13,130.38 1 1
github.com/filetug/filetug/pkg/filetug/favorites_panel.go:131.13,132.55 1 1
github.com/filetug/filetug/pkg/filetug/favorites_panel.go:133.12,134.25 1 1
github.com/filetug/filetug/pkg/filetug/favorites_panel.go:136.9,145.4 8 1
github.com/filetug/filetug/pkg/filetug/favorites_panel.go:148.3,149.23 2 1
github.com/filetug/filetug/pkg/filetug/favorites_panel.go:149.23,151.4 1 1
github.com/filetug/filetug/pkg/filetug/favorites_panel.go:152.3,153.20 2 1
github.com/filetug/filetug/pkg/filetug/favorites_panel.go:153.20,155.4 1 1
github.com/filetug/filetug/pkg/filetug/favorites_panel.go:156.3,157.57 2 1
github.com/filetug/filetug/pkg/filetug/favorites_panel.go:157.57,159.4 1 1
github.com/filetug/filetug/pkg/filetug/favorites_panel.go:163.56,165.2 1 1
github.com/filetug/filetug/pkg/filetug/favorites_panel.go:167.73,170.2 2 1
github.com/filetug/filetug/pkg/filetug/favorites_panel.go:172.78,173.38 1 1
github.com/filetug/filetug/pkg/filetug/favorites_panel.go:173.38,175.3 1 1
github.com/filetug/filetug/pkg/filetug/favorites_panel.go:176.2,176.21 1 1
github.com/filetug/filetug/pkg/filetug/favorites_panel.go:177.22,180.13 3 1
github.com/filetug/filetug/pkg/filetug/favorites_panel.go:181.20,182.23 1 1
github.com/filetug/filetug/pkg/filetug/favorites_panel.go:182.23,185.4 2 1
github.com/filetug/filetug/pkg/filetug/favorites_panel.go:186.3,186.15 1 1
github.com/filetug/filetug/pkg/filetug/favorites_panel.go:187.64,189.13 2 1
github.com/filetug/filetug/pkg/filetug/favorites_panel.go:190.23,191.30 1 1
github.com/filetug/filetug/pkg/filetug/favorites_panel.go:191.30,193.4 1 1
github.com/filetug/filetug/pkg/filetug/favorites_panel.go:194.3,196.13 3 1
github.com/filetug/filetug/pkg/filetug/favorites_panel.go:197.21,199.13 2 1
github.com/filetug/filetug/pkg/filetug/favorites_panel.go:200.34,201.15 1 1
github.com/filetug/filetug/pkg/filetug/favorites_panel.go:202.10,203.15 1 1
github.com/filetug/filetug/pkg/filetug/favorites_panel.go:207.49,209.37 2 1
github.com/filetug/filetug/pkg/filetug/favorites_panel.go:209.37,211.3 1 1
github.com/filetug/filetug/pkg/filetug/favorites_panel.go:212.2,212.17 1 1
github.com/filetug/filetug/pkg/filetug/favorites_panel.go:212.17,216.3 3 1
github.com/filetug/filetug/pkg/filetug/favorites_panel.go:217.2,219.38 3 1
github.com/filetug/filetug/pkg/filetug/favorites_panel.go:219.38,221.3 1 1
github.com/filetug/filetug/pkg/filetug/favorites_panel.go:224.58,226.9 2 1
github.com/filetug/filetug/pkg/filetug/favorites_panel.go:226.9,228.3 1 1
github.com/filetug/filetug/pkg/filetug/favorites_panel.go:229.2,229.36 1 1
github.com/filetug/filetug/pkg/filetug/favorites_panel.go:229.36,231.3 1 1
github.com/filetug/filetug/pkg/filetug/favorites_panel.go:232.2,232.13 1 1
github.com/filetug/filetug/pkg/filetug/favorites_panel.go:235.67,236.18 1 1
github.com/filetug/filetug/pkg/filetug/favorites_panel.go:236.18,238.3 1 1
github.com/filetug/filetug/pkg/filetug/favorites_panel.go:239.2,239.24 1 1
github.com/filetug/filetug/pkg/filetug/favorites_panel.go:239.24,241.3 1 1
github.com/filetug/filetug/pkg/filetug/favorites_panel.go:242.2,243.26 2 1
github.com/filetug/filetug/pkg/filetug/favorites_panel.go:243.26,245.3 1 1
github.com/filetug/filetug/pkg/filetug/favorites_panel.go:246.2,251.30 3 1
github.com/filetug/filetug/pkg/filetug/favorites_panel.go:254.75,256.31 2 1
github.com/filetug/filetug/pkg/filetug/favorites_panel.go:256.31,258.28 2 1
github.com/filetug/filetug/pkg/filetug/favorites_panel.go:258.28,260.4 1 1
github.com/filetug/filetug/pkg/filetug/favorites_panel.go:262.2,262.14 1 1
github.com/filetug/filetug/pkg/filetug/favorites_panel.go:265.47,267.9 2 1
github.com/filetug/filetug/pkg/filetug/favorites_panel.go:267.9,269.3 1 1
github.com/filetug/filetug/pkg/filetug/favorites_panel.go:270.2,271.16 2 1
github.com/filetug/filetug/pkg/filetug/favorites_panel.go:271.16,274.3 2 1
github.com/filetug/filetug/pkg/filetug/favorites_panel.go:275.2,277.26 3 1
github.com/filetug/filetug/pkg/filetug/favorites_panel.go:280.50,282.40 2 1
github.com/filetug/filetug/pkg/filetug/favorites_panel.go:282.40,284.3 1 1
github.com/filetug/filetug/pkg/filetug/favorites_panel.go:285.2,288.16 4 1
github.com/filetug/filetug/pkg/filetug/favorites_panel.go:288.16,290.3 1 1
github.com/filetug/filetug/pkg/filetug/favorites_panel.go:291.2,292.32 2 1
github.com/filetug/filetug/pkg/filetug/favorites_panel.go:292.32,294.26 2 1
github.com/filetug/filetug/pkg/filetug/favorites_panel.go:294.26,295.12 1 1
github.com/filetug/filetug/pkg/filetug/favorites_panel.go:297.3,297.35 1 1
github.com/filetug/filetug/pkg/filetug/favorites_panel.go:299.2,301.26 3 1
github.com/filetug/filetug/pkg/filetug/favorites_panel.go:304.82,305.40 1 1
github.com/filetug/filetug/pkg/filetug/favorites_panel.go:305.40,307.3 1 1
github.com/filetug/filetug/pkg/filetug/favorites_panel.go:308.2,309.17 2 1
github.com/filetug/filetug/pkg/filetug/favorites_panel.go:309.17,313.3 3 1
github.com/filetug/filetug/pkg/filetug/favorites_panel.go:313.8,318.3 4 1
github.com/filetug/filetug/pkg/filetug/favorites_panel.go:321.73,322.52 1 1
github.com/filetug/filetug/pkg/filetug/favorites_panel.go:322.52,324.3 1 1
github.com/filetug/filetug/pkg/filetug/favorites_panel.go:325.2,327.83 3 1
github.com/filetug/filetug/pkg/filetug/favorites_panel.go:327.83,329.39 2 1
github.com/filetug/filetug/pkg/filetug/favorites_panel.go:330.24,331.35 1 1
github.com/filetug/filetug/pkg/filetug/favorites_panel.go:332.22,333.34 1 1
github.com/filetug/filetug/pkg/filetug/favorites_panel.go:334.15,335.23 1 1
github.com/filetug/filetug/pkg/filetug/favorites_panel.go:335.23,337.5 1 1
github.com/filetug/filetug/pkg/filetug/favorites_panel.go:338.4,338.38 1 1
github.com/filetug/filetug/pkg/filetug/favorites_panel.go:340.3,340.19 1 1
github.com/filetug/filetug/pkg/filetug/favorites_panel.go:340.19,342.4 1 1
github.com/filetug/filetug/pkg/filetug/favorites_panel.go:344.2,344.8 1 1
github.com/filetug/filetug/pkg/filetug/file_name_colorizer.go:49.49,52.38 3 1
github.com/filetug/filetug/pkg/filetug/file_name_colorizer.go:52.38,54.3 1 1
github.com/filetug/filetug/pkg/filetug/file_name_colorizer.go:55.2,55.30 1 1
github.com/filetug/filetug/pkg/filetug/files.go:35.63,38.46 3 1
github.com/filetug/filetug/pkg/filetug/files.go:38.46,40.3 1 1
github.com/filetug/filetug/pkg/filetug/files.go:41.2,42.27 2 1
github.com/filetug/filetug/pkg/filetug/files.go:42.27,43.24 1 1
github.com/filetug/filetug/pkg/filetug/files.go:43.24,46.4 2 1
github.com/filetug/filetug/pkg/filetug/files.go:47.3,47.62 1 1
github.com/filetug/filetug/pkg/filetug/files.go:50.2,50.14 1 1
github.com/filetug/filetug/pkg/filetug/files.go:62.38,75.12 11 1
github.com/filetug/filetug/pkg/filetug/files.go:75.12,77.3 1 1
github.com/filetug/filetug/pkg/filetug/files.go:80.67,83.39 1 1
github.com/filetug/filetug/pkg/filetug/files.go:83.39,86.39 3 1
github.com/filetug/filetug/pkg/filetug/files.go:86.39,87.37 1 1
github.com/filetug/filetug/pkg/filetug/files.go:87.37,89.5 1 1
github.com/filetug/filetug/pkg/filetug/files.go:91.3,92.36 2 1
github.com/filetug/filetug/pkg/filetug/files.go:96.61,102.29 6 1
github.com/filetug/filetug/pkg/filetug/files.go:102.29,104.3 1 1
github.com/filetug/filetug/pkg/filetug/files.go:105.2,105.12 1 1
github.com/filetug/filetug/pkg/filetug/files.go:105.12,107.39 2 1
github.com/filetug/filetug/pkg/filetug/files.go:107.39,108.37 1 1
github.com/filetug/filetug/pkg/filetug/files.go:108.37,110.5 1 1
github.com/filetug/filetug/pkg/filetug/files.go:116.91,117.56 1 1
github.com/filetug/filetug/pkg/filetug/files.go:117.56,119.3 1 1
github.com/filetug/filetug/pkg/filetug/files.go:120.2,120.66 1 1
github.com/filetug/filetug/pkg/filetug/files.go:120.66,122.3 1 1
github.com/filetug/filetug/pkg/filetug/files.go:123.2,124.20 2 1
github.com/filetug/filetug/pkg/filetug/files.go:124.20,126.3 1 1
github.com/filetug/filetug/pkg/filetug/files.go:127.2,128.16 2 1
github.com/filetug/filetug/pkg/filetug/files.go:128.16,130.3 1 1
github.com/filetug/filetug/pkg/filetug/files.go:132.2,135.40 4 1
github.com/filetug/filetug/pkg/filetug/files.go:135.40,139.13 4 1
github.com/filetug/filetug/pkg/filetug/files.go:139.13,141.4 1 1
github.com/filetug/filetug/pkg/filetug/files.go:143.3,143.13 1 1
github.com/filetug/filetug/pkg/filetug/files.go:143.13,145.21 2 1
github.com/filetug/filetug/pkg/filetug/files.go:145.21,147.5 1 1
github.com/filetug/filetug/pkg/filetug/files.go:148.4,149.24 2 1
github.com/filetug/filetug/pkg/filetug/files.go:149.24,151.5 1 1
github.com/filetug/filetug/pkg/filetug/files.go:152.4,153.16 2 1
github.com/filetug/filetug/pkg/filetug/files.go:153.16,155.5 1 1
github.com/filetug/filetug/pkg/filetug/files.go:156.4,156.27 1 1
github.com/filetug/filetug/pkg/filetug/files.go:156.27,157.23 1 1
github.com/filetug/filetug/pkg/filetug/files.go:157.23,159.6 1 1
github.com/filetug/filetug/pkg/filetug/files.go:160.5,160.27 1 1
github.com/filetug/filetug/pkg/filetug/files.go:166.52,168.2 1 1
github.com/filetug/filetug/pkg/filetug/files.go:170.42,171.46 1 1
github.com/filetug/filetug/pkg/filetug/files.go:171.46,173.3 1 0
github.com/filetug/filetug/pkg/filetug/files.go:174.2,174.42 1 1
github.com/filetug/filetug/pkg/filetug/files.go:174.42,175.40 1 1
github.com/filetug/filetug/pkg/filetug/files.go:175.40,177.18 2 1
github.com/filetug/filetug/pkg/filetug/files.go:177.18,179.5 1 1
github.com/filetug/filetug/pkg/filetug/files.go:180.4,180.10 1 1
github.com/filetug/filetug/pkg/filetug/files.go:185.50,188.2 2 1
github.com/filetug/filetug/pkg/filetug/files.go:190.74,192.33 2 1
github.com/filetug/filetug/pkg/filetug/files.go:192.33,196.40 3 1
github.com/filetug/filetug/pkg/filetug/files.go:196.40,199.4 2 1
github.com/filetug/filetug/pkg/filetug/files.go:199.9,202.4 2 1
github.com/filetug/filetug/pkg/filetug/files.go:203.3,203.13 1 1
github.com/filetug/filetug/pkg/filetug/files.go:205.2,205.21 1 1
github.com/filetug/filetug/pkg/filetug/files.go:206.21,208.13 2 1
github.com/filetug/filetug/pkg/filetug/files.go:209.22,211.13 2 1
github.com/filetug/filetug/pkg/filetug/files.go:212.19,214.15 2 1
github.com/filetug/filetug/pkg/filetug/files.go:214.15,215.34 1 1
github.com/filetug/filetug/pkg/filetug/files.go:215.34,218.5 2 1
github.com/filetug/filetug/pkg/filetug/files.go:220.3,220.15 1 1
github.com/filetug/filetug/pkg/filetug/files.go:221.21,222.44 1 1
github.com/filetug/filetug/pkg/filetug/files.go:223.22,228.26 5 1
github.com/filetug/filetug/pkg/filetug/files.go:228.26,230.4 1 1
github.com/filetug/filetug/pkg/filetug/files.go:231.3,232.30 2 1
github.com/filetug/filetug/pkg/filetug/files.go:232.30,234.4 1 1
github.com/filetug/filetug/pkg/filetug/files.go:235.3,235.13 1 1
github.com/filetug/filetug/pkg/filetug/files.go:235.13,237.4 1 1
github.com/filetug/filetug/pkg/filetug/files.go:238.3,241.13 4 1
github.com/filetug/filetug/pkg/filetug/files.go:242.10,243.15 1 1
github.com/filetug/filetug/pkg/filetug/files.go:254.47,261.2 1 1
github.com/filetug/filetug/pkg/filetug/files.go:263.43,306.2 13 1
github.com/filetug/filetug/pkg/filetug/files.go:308.30,312.2 3 1
github.com/filetug/filetug/pkg/filetug/files.go:314.29,316.2 1 1
github.com/filetug/filetug/pkg/filetug/files.go:319.58,321.18 2 1
github.com/filetug/filetug/pkg/filetug/files.go:321.18,323.3 1 1
github.com/filetug/filetug/pkg/filetug/files.go:324.2,324.32 1 1
github.com/filetug/filetug/pkg/filetug/files.go:328.51,330.18 2 1
github.com/filetug/filetug/pkg/filetug/files.go:330.18,331.45 1 1
github.com/filetug/filetug/pkg/filetug/files.go:331.45,333.4 1 1
github.com/filetug/filetug/pkg/filetug/files.go:334.3,334.9 1 1
github.com/filetug/filetug/pkg/filetug/files.go:336.2,336.32 1 1
github.com/filetug/filetug/pkg/filetug/files.go:339.55,342.2 2 1
github.com/filetug/filetug/pkg/filetug/files.go:344.67,345.37 1 1
github.com/filetug/filetug/pkg/filetug/files.go:345.37,347.3 1 1
github.com/filetug/filetug/pkg/filetug/files.go:348.2,348.14 1 1
github.com/filetug/filetug/pkg/filetug/files.go:348.14,350.18 2 1
github.com/filetug/filetug/pkg/filetug/files.go:350.18,352.18 2 1
github.com/filetug/filetug/pkg/filetug/files.go:352.18,353.54 1 1
github.com/filetug/filetug/pkg/filetug/files.go:353.54,355.6 1 1
github.com/filetug/filetug/pkg/filetug/files.go:359.3,359.33 1 1
github.com/filetug/filetug/pkg/filetug/files.go:361.2,362.46 2 1
github.com/filetug/filetug/pkg/filetug/files.go:362.46,364.3 1 1
github.com/filetug/filetug/pkg/filetug/files.go:365.2,366.27 2 1
github.com/filetug/filetug/pkg/filetug/files.go:366.27,367.24 1 1
github.com/filetug/filetug/pkg/filetug/files.go:367.24,369.4 1 1
github.com/filetug/filetug/pkg/filetug/files.go:371.2,371.14 1 1
github.com/filetug/filetug/pkg/filetug/files.go:374.74,376.16 2 1
github.com/filetug/filetug/pkg/filetug/files.go:376.16,378.3 1 1
github.com/filetug/filetug/pkg/filetug/files.go:379.2,380.29 2 1
github.com/filetug/filetug/pkg/filetug/files.go:380.29,382.3 1 1
github.com/filetug/filetug/pkg/filetug/files.go:383.2,383.11 1 1
github.com/filetug/filetug/pkg/filetug/files.go:383.11,386.3 2 1
github.com/filetug/filetug/pkg/filetug/files.go:388.2,388.46 1 1
github.com/filetug/filetug/pkg/filetug/files.go:388.46,390.3 1 1
github.com/filetug/filetug/pkg/filetug/files.go:391.2,393.26 3 1
github.com/filetug/filetug/pkg/filetug/files.go:393.26,395.3 1 1
github.com/filetug/filetug/pkg/filetug/files.go:396.2,396.35 1 1
github.com/filetug/filetug/pkg/filetug/files.go:399.67,401.16 2 1
github.com/filetug/filetug/pkg/filetug/files.go:401.16,403.3 1 1
github.com/filetug/filetug/pkg/filetug/files.go:404.2,404.46 1 1
github.com/filetug/filetug/pkg/filetug/files.go:404.46,407.3 2 1
github.com/filetug/filetug/pkg/filetug/files.go:409.2,410.19 2 1
github.com/filetug/filetug/pkg/filetug/files.go:410.19,412.3 1 1
github.com/filetug/filetug/pkg/filetug/files.go:412.8,412.58 1 1
github.com/filetug/filetug/pkg/filetug/files.go:412.58,414.3 1 1
github.com/filetug/filetug/pkg/filetug/files.go:416.2,416.22 1 1
github.com/filetug/filetug/pkg/filetug/files.go:416.22,418.64 2 1
github.com/filetug/filetug/pkg/filetug/files.go:418.64,420.4 1 1
github.com/filetug/filetug/pkg/filetug/files.go:421.3,421.9 1 1
github.com/filetug/filetug/pkg/filetug/files.go:423.2,425.16 3 1
github.com/filetug/filetug/pkg/filetug/files.go:425.16,427.64 2 1
github.com/filetug/filetug/pkg/filetug/files.go:427.64,429.4 1 1
github.com/filetug/filetug/pkg/filetug/files.go:430.3,430.9 1 1
github.com/filetug/filetug/pkg/filetug/files.go:432.2,434.63 3 1
github.com/filetug/filetug/pkg/filetug/files.go:434.63,436.3 1 1
github.com/filetug/filetug/pkg/filetug/fs_records.go:22.51,23.16 1 1
github.com/filetug/filetug/pkg/filetug/fs_records.go:23.16,25.3 1 1
github.com/filetug/filetug/pkg/filetug/fs_records.go:26.2,27.20 2 1
github.com/filetug/filetug/pkg/filetug/fs_records.go:27.20,29.3 1 1
github.com/filetug/filetug/pkg/filetug/fs_records.go:30.2,30.27 1 1
github.com/filetug/filetug/pkg/filetug/fs_records.go:30.27,32.3 1 1
github.com/filetug/filetug/pkg/filetug/fs_records.go:33.2,42.3 2 1
github.com/filetug/filetug/pkg/filetug/fs_records.go:60.38,62.2 1 1
github.com/filetug/filetug/pkg/filetug/fs_records.go:71.50,74.2 2 1
github.com/filetug/filetug/pkg/filetug/fs_records.go:76.78,77.22 1 1
github.com/filetug/filetug/pkg/filetug/fs_records.go:77.22,80.9 3 1
github.com/filetug/filetug/pkg/filetug/fs_records.go:80.9,82.4 1 1
github.com/filetug/filetug/pkg/filetug/fs_records.go:83.3,84.12 2 1
github.com/filetug/filetug/pkg/filetug/fs_records.go:87.2,89.33 3 1
github.com/filetug/filetug/pkg/filetug/fs_records.go:89.33,92.3 2 1
github.com/filetug/filetug/pkg/filetug/fs_records.go:93.2,95.13 3 1
github.com/filetug/filetug/pkg/filetug/fs_records.go:98.61,103.2 4 1
github.com/filetug/filetug/pkg/filetug/fs_records.go:105.34,108.37 3 1
github.com/filetug/filetug/pkg/filetug/fs_records.go:108.37,109.32 1 1
github.com/filetug/filetug/pkg/filetug/fs_records.go:109.32,112.4 2 1
github.com/filetug/filetug/pkg/filetug/fs_records.go:116.38,117.20 1 1
github.com/filetug/filetug/pkg/filetug/fs_records.go:117.20,119.3 1 1
github.com/filetug/filetug/pkg/filetug/fs_records.go:120.2,120.34 1 1
github.com/filetug/filetug/pkg/filetug/fs_records.go:123.41,125.2 1 1
github.com/filetug/filetug/pkg/filetug/fs_records.go:133.59,134.33 1 1
github.com/filetug/filetug/pkg/filetug/fs_records.go:134.33,136.3 1 1
github.com/filetug/filetug/pkg/filetug/fs_records.go:137.2,137.18 1 1
github.com/filetug/filetug/pkg/filetug/fs_records.go:137.18,138.26 1 1
github.com/filetug/filetug/pkg/filetug/fs_records.go:138.26,143.4 4 1
github.com/filetug/filetug/pkg/filetug/fs_records.go:144.3,144.13 1 1
github.com/filetug/filetug/pkg/filetug/fs_records.go:146.2,147.21 2 1
github.com/filetug/filetug/pkg/filetug/fs_records.go:147.21,149.3 1 1
github.com/filetug/filetug/pkg/filetug/fs_records.go:150.2,150.11 1 1
github.com/filetug/filetug/pkg/filetug/fs_records.go:150.11,152.3 1 1
github.com/filetug/filetug/pkg/filetug/fs_records.go:153.2,153.61 1 1
github.com/filetug/filetug/pkg/filetug/fs_records.go:153.61,155.3 1 1
github.com/filetug/filetug/pkg/filetug/fs_records.go:156.2,157.32 2 1
github.com/filetug/filetug/pkg/filetug/fs_records.go:157.32,158.26 1 1
github.com/filetug/filetug/pkg/filetug/fs_records.go:158.26,161.4 2 1
github.com/filetug/filetug/pkg/filetug/fs_records.go:161.9,163.4 1 1
github.com/filetug/filetug/pkg/filetug/fs_records.go:164.8,168.26 3 1
github.com/filetug/filetug/pkg/filetug/fs_records.go:168.26,170.14 2 1
github.com/filetug/filetug/pkg/filetug/fs_records.go:170.14,172.5 1 1
github.com/filetug/filetug/pkg/filetug/fs_records.go:173.4,176.13 4 1
github.com/filetug/filetug/pkg/filetug/fs_records.go:176.13,178.5 1 1
github.com/filetug/filetug/pkg/filetug/fs_records.go:178.10,180.5 1 1
github.com/filetug/filetug/pkg/filetug/fs_records.go:181.4,181.24 1 1
github.com/filetug/filetug/pkg/filetug/fs_records.go:181.24,183.5 1 1
github.com/filetug/filetug/pkg/filetug/fs_records.go:184.4,184.42 1 1
github.com/filetug/filetug/pkg/filetug/fs_records.go:185.9,187.48 2 1
github.com/filetug/filetug/pkg/filetug/fs_records.go:187.48,190.19 3 1
github.com/filetug/filetug/pkg/filetug/fs_records.go:190.19,195.6 4 1
github.com/filetug/filetug/pkg/filetug/fs_records.go:196.5,196.20 1 1
github.com/filetug/filetug/pkg/filetug/fs_records.go:199.4,199.15 1 1
github.com/filetug/filetug/pkg/filetug/fs_records.go:200.22,202.26 2 1
github.com/filetug/filetug/pkg/filetug/fs_records.go:202.26,203.51 1 1
github.com/filetug/filetug/pkg/filetug/fs_records.go:203.51,206.7 2 1
github.com/filetug/filetug/pkg/filetug/fs_records.go:208.5,210.25 3 1
github.com/filetug/filetug/pkg/filetug/fs_records.go:211.26,213.50 2 1
github.com/filetug/filetug/pkg/filetug/fs_records.go:213.50,217.31 4 1
github.com/filetug/filetug/pkg/filetug/fs_records.go:217.31,219.7 1 1
github.com/filetug/filetug/pkg/filetug/fs_records.go:219.12,221.7 1 1
github.com/filetug/filetug/pkg/filetug/fs_records.go:223.5,223.33 1 1
github.com/filetug/filetug/pkg/filetug/fs_records.go:224.12,225.15 1 1
github.com/filetug/filetug/pkg/filetug/fs_records.go:228.3,230.30 3 1
github.com/filetug/filetug/pkg/filetug/fs_records.go:232.2,232.13 1 1
github.com/filetug/filetug/pkg/filetug/fs_records.go:235.70,236.38 1 1
github.com/filetug/filetug/pkg/filetug/fs_records.go:236.38,238.3 1 1
github.com/filetug/filetug/pkg/filetug/fs_records.go:239.2,239.58 1 1
github.com/filetug/filetug/pkg/filetug/fs_records.go:239.58,241.3 1 1
github.com/filetug/filetug/pkg/filetug/fs_records.go:242.2,244.16 3 1
github.com/filetug/filetug/pkg/filetug/fs_records.go:244.16,246.3 1 1
github.com/filetug/filetug/pkg/filetug/fs_records.go:247.2,247.21 1 1
github.com/filetug/filetug/pkg/filetug/fs_records.go:250.56,251.43 1 1
github.com/filetug/filetug/pkg/filetug/fs_records.go:251.43,253.3 1 1
github.com/filetug/filetug/pkg/filetug/fs_records.go:254.2,254.13 1 1
github.com/filetug/filetug/pkg/filetug/fs_records.go:255.20,256.27 1 1
github.com/filetug/filetug/pkg/filetug/fs_records.go:257.20,258.16 1 1
github.com/filetug/filetug/pkg/filetug/fs_records.go:259.24,260.16 1 1
github.com/filetug/filetug/pkg/filetug/fs_records.go:261.10,262.13 1 1
github.com/filetug/filetug/pkg/filetug/fs_records.go:266.60,267.20 1 1
github.com/filetug/filetug/pkg/filetug/fs_records.go:267.20,270.3 2 1
github.com/filetug/filetug/pkg/filetug/fs_records.go:271.2,272.25 2 1
github.com/filetug/filetug/pkg/filetug/fs_records.go:272.25,274.3 1 1
github.com/filetug/filetug/pkg/filetug/fs_records.go:274.8,276.3 1 1
github.com/filetug/filetug/pkg/filetug/fs_records.go:277.2,277.22 1 1
github.com/filetug/filetug/pkg/filetug/fs_records.go:277.22,279.3 1 1
github.com/filetug/filetug/pkg/filetug/fs_records.go:280.2,282.65 3 1
github.com/filetug/filetug/pkg/filetug/fs_records.go:285.53,287.20 2 1
github.com/filetug/filetug/pkg/filetug/fs_records.go:287.20,292.3 4 1
github.com/filetug/filetug/pkg/filetug/fs_records.go:293.2,294.30 2 1
github.com/filetug/filetug/pkg/filetug/fs_records.go:294.30,296.3 1 1
github.com/filetug/filetug/pkg/filetug/fs_records.go:296.8,298.3 1 1
github.com/filetug/filetug/pkg/filetug/fs_records.go:299.2,302.31 4 1
github.com/filetug/filetug/pkg/filetug/help.go:8.36,11.2 2 1
github.com/filetug/filetug/pkg/filetug/help.go:13.132,37.22 5 1
github.com/filetug/filetug/pkg/filetug/help.go:37.22,40.3 2 1
github.com/filetug/filetug/pkg/filetug/help.go:42.2,42.71 1 1
github.com/filetug/filetug/pkg/filetug/help.go:42.71,43.67 1 1
github.com/filetug/filetug/pkg/filetug/help.go:43.67,46.4 2 1
github.com/filetug/filetug/pkg/filetug/help.go:47.3,47.15 1 1
github.com/filetug/filetug/pkg/filetug/help.go:51.2,53.69 3 1
github.com/filetug/filetug/pkg/filetug/help.go:53.69,54.67 1 1
github.com/filetug/filetug/pkg/filetug/help.go:54.67,57.4 2 1
github.com/filetug/filetug/pkg/filetug/help.go:58.3,58.15 1 1
github.com/filetug/filetug/pkg/filetug/help.go:62.2,79.32 6 1
github.com/filetug/filetug/pkg/filetug/left.go:3.33,7.41 3 1
github.com/filetug/filetug/pkg/filetug/left.go:7.41,9.3 1 1
github.com/filetug/filetug/pkg/filetug/left.go:10.2,10.34 1 1
github.com/filetug/filetug/pkg/filetug/left.go:10.34,12.3 1 1
github.com/filetug/filetug/pkg/filetug/main.go:7.34,12.2 4 1
github.com/filetug/filetug/pkg/filetug/nav_delete.go:9.32,12.24 3 1
github.com/filetug/filetug/pkg/filetug/nav_delete.go:12.24,14.3 1 1
github.com/filetug/filetug/pkg/filetug/nav_delete.go:15.2,15.97 1 1
github.com/filetug/filetug/pkg/filetug/nav_delete.go:15.97,17.98 2 1
github.com/filetug/filetug/pkg/filetug/nav_delete.go:17.98,19.4 1 1
github.com/filetug/filetug/pkg/filetug/nav_delete.go:20.3,20.13 1 1
github.com/filetug/filetug/pkg/filetug/nav_delete.go:26.117,27.32 1 1
github.com/filetug/filetug/pkg/filetug/nav_delete.go:27.32,28.50 1 1
github.com/filetug/filetug/pkg/filetug/nav_delete.go:28.50,30.4 1 1
github.com/filetug/filetug/pkg/filetug/nav_delete.go:32.2,32.12 1 1
github.com/filetug/filetug/pkg/filetug/navigator.go:89.51,93.2 3 1
github.com/filetug/filetug/pkg/filetug/navigator.go:95.34,96.20 1 1
github.com/filetug/filetug/pkg/filetug/navigator.go:96.20,98.3 1 1
github.com/filetug/filetug/pkg/filetug/navigator.go:101.54,102.20 1 1
github.com/filetug/filetug/pkg/filetug/navigator.go:102.20,104.3 1 1
github.com/filetug/filetug/pkg/filetug/navigator.go:105.2,105.15 1 1
github.com/filetug/filetug/pkg/filetug/navigator.go:106.22,107.34 1 1
github.com/filetug/filetug/pkg/filetug/navigator.go:108.23,109.35 1 1
github.com/filetug/filetug/pkg/filetug/navigator.go:110.9,111.36 1 1
github.com/filetug/filetug/pkg/filetug/navigator.go:121.68,122.35 1 1
github.com/filetug/filetug/pkg/filetug/navigator.go:122.35,124.3 1 1
github.com/filetug/filetug/pkg/filetug/navigator.go:131.77,132.16 1 1
github.com/filetug/filetug/pkg/filetug/navigator.go:132.16,133.29 1 1
github.com/filetug/filetug/pkg/filetug/navigator.go:135.2,136.67 2 1
github.com/filetug/filetug/pkg/filetug/navigator.go:136.67,138.3 1 1
github.com/filetug/filetug/pkg/filetug/navigator.go:139.2,156.30 4 1
github.com/filetug/filetug/pkg/filetug/navigator.go:156.30,158.4 1 1
github.com/filetug/filetug/pkg/filetug/navigator.go:160.2,174.33 11 1
github.com/filetug/filetug/pkg/filetug/navigator.go:174.33,176.3 1 1
github.com/filetug/filetug/pkg/filetug/navigator.go:178.2,186.12 5 1
github.com/filetug/filetug/pkg/filetug/navigator.go:191.92,193.2 1 1
github.com/filetug/filetug/pkg/filetug/navigator.go:195.39,205.2 7 1
github.com/filetug/filetug/pkg/filetug/navigator.go:214.51,215.23 1 1
github.com/filetug/filetug/pkg/filetug/navigator.go:216.9,217.22 1 1
github.com/filetug/filetug/pkg/filetug/navigator.go:218.9,219.19 1 1
github.com/filetug/filetug/pkg/filetug/navigator.go:221.2,221.12 1 1
github.com/filetug/filetug/pkg/filetug/navigator.go:224.75,225.20 1 1
github.com/filetug/filetug/pkg/filetug/navigator.go:225.20,227.3 1 1
github.com/filetug/filetug/pkg/filetug/navigator.go:228.2,229.21 2 1
github.com/filetug/filetug/pkg/filetug/navigator.go:230.19,232.13 2 1
github.com/filetug/filetug/pkg/filetug/navigator.go:233.19,235.13 2 1
github.com/filetug/filetug/pkg/filetug/navigator.go:236.19,238.13 2 1
github.com/filetug/filetug/pkg/filetug/navigator.go:239.20,241.13 2 1
github.com/filetug/filetug/pkg/filetug/navigator.go:242.21,243.42 1 1
github.com/filetug/filetug/pkg/filetug/navigator.go:243.42,244.32 1 1
github.com/filetug/filetug/pkg/filetug/navigator.go:245.18,247.15 2 1
github.com/filetug/filetug/pkg/filetug/navigator.go:248.18,250.15 2 1
github.com/filetug/filetug/pkg/filetug/navigator.go:251.13,253.24 2 1
github.com/filetug/filetug/pkg/filetug/navigator.go:254.18,256.15 2 1
github.com/filetug/filetug/pkg/filetug/navigator.go:257.18,259.15 2 1
github.com/filetug/filetug/pkg/filetug/navigator.go:260.23,262.15 2 1
github.com/filetug/filetug/pkg/filetug/navigator.go:263.28,265.15 2 1
github.com/filetug/filetug/pkg/filetug/navigator.go:266.18,268.15 2 1
github.com/filetug/filetug/pkg/filetug/navigator.go:269.12,270.17 1 1
github.com/filetug/filetug/pkg/filetug/navigator.go:273.3,273.15 1 1
github.com/filetug/filetug/pkg/filetug/navigator.go:274.10,275.15 1 1
github.com/filetug/filetug/pkg/filetug/navigator.go:279.32,281.2 1 1
github.com/filetug/filetug/pkg/filetug/navigator.go:283.32,285.2 1 1
github.com/filetug/filetug/pkg/filetug/navigator.go:287.51,290.2 2 1
github.com/filetug/filetug/pkg/filetug/navigator.go:293.84,294.20 1 1
github.com/filetug/filetug/pkg/filetug/navigator.go:294.20,296.3 1 1
github.com/filetug/filetug/pkg/filetug/navigator.go:297.2,297.34 1 1
github.com/filetug/filetug/pkg/filetug/navigator.go:297.34,298.23 1 1
github.com/filetug/filetug/pkg/filetug/navigator.go:299.12,301.14 2 1
github.com/filetug/filetug/pkg/filetug/navigator.go:302.12,304.14 2 1
github.com/filetug/filetug/pkg/filetug/navigator.go:307.2,307.14 1 1
github.com/filetug/filetug/pkg/filetug/navigator.go:309.47,310.23 1 1
github.com/filetug/filetug/pkg/filetug/navigator.go:311.9,314.38 3 1
github.com/filetug/filetug/pkg/filetug/navigator.go:315.9,318.38 3 1
github.com/filetug/filetug/pkg/filetug/navigator.go:319.9,322.38 3 1
github.com/filetug/filetug/pkg/filetug/navigator.go:323.10,324.9 1 1
github.com/filetug/filetug/pkg/filetug/navigator.go:327.2,327.21 1 1
github.com/filetug/filetug/pkg/filetug/navigator.go:330.59,331.23 1 1
github.com/filetug/filetug/pkg/filetug/navigator.go:331.23,333.3 1 1
github.com/filetug/filetug/pkg/filetug/navigator.go:334.2,339.50 6 1
github.com/filetug/filetug/pkg/filetug/navigator.go:342.136,344.17 2 1
github.com/filetug/filetug/pkg/filetug/navigator.go:344.17,346.3 1 1
github.com/filetug/filetug/pkg/filetug/navigator.go:347.2,348.19 2 1
github.com/filetug/filetug/pkg/filetug/navigator.go:348.19,350.3 1 1
github.com/filetug/filetug/pkg/filetug/navigator.go:351.2,352.22 2 1
github.com/filetug/filetug/pkg/filetug/navigator.go:352.22,354.3 1 1
github.com/filetug/filetug/pkg/filetug/navigator.go:355.2,355.33 1 1
github.com/filetug/filetug/pkg/filetug/navigator.go:355.33,357.3 1 1
github.com/filetug/filetug/pkg/filetug/navigator.go:362.47,364.26 2 1
github.com/filetug/filetug/pkg/filetug/navigator.go:364.26,366.3 1 1
github.com/filetug/filetug/pkg/filetug/navigator.go:367.2,367.30 1 1
github.com/filetug/filetug/pkg/filetug/navigator.go:370.129,374.8 4 1
github.com/filetug/filetug/pkg/filetug/navigator.go:374.8,376.3 1 1
github.com/filetug/filetug/pkg/filetug/navigator.go:378.2,378.17 1 1
github.com/filetug/filetug/pkg/filetug/navigator.go:378.17,380.21 2 1
github.com/filetug/filetug/pkg/filetug/navigator.go:380.21,382.4 1 1
github.com/filetug/filetug/pkg/filetug/navigator.go:384.3,386.17 3 1
github.com/filetug/filetug/pkg/filetug/navigator.go:386.17,388.4 1 1
github.com/filetug/filetug/pkg/filetug/navigator.go:391.2,392.11 2 1
github.com/filetug/filetug/pkg/filetug/navigator.go:392.11,394.3 1 1
github.com/filetug/filetug/pkg/filetug/navigator.go:394.8,396.3 1 1
github.com/filetug/filetug/pkg/filetug/navigator.go:397.2,397.19 1 1
github.com/filetug/filetug/pkg/filetug/navigator.go:397.19,399.3 1 1
github.com/filetug/filetug/pkg/filetug/navigator.go:401.2,401.9 1 1
github.com/filetug/filetug/pkg/filetug/navigator.go:402.20,403.13 1 1
github.com/filetug/filetug/pkg/filetug/navigator.go:404.10,404.10 0 1
github.com/filetug/filetug/pkg/filetug/navigator.go:407.2,410.15 4 1
github.com/filetug/filetug/pkg/filetug/navigator.go:413.102,414.19 1 1
github.com/filetug/filetug/pkg/filetug/navigator.go:414.19,416.3 1 1
github.com/filetug/filetug/pkg/filetug/navigator.go:418.2,420.11 3 1
github.com/filetug/filetug/pkg/filetug/navigator.go:420.11,423.3 2 1
github.com/filetug/filetug/pkg/filetug/navigator.go:424.2,424.30 1 1
github.com/filetug/filetug/pkg/filetug/navigator.go:424.30,426.3 1 1
github.com/filetug/filetug/pkg/filetug/navigator.go:427.2,427.11 1 1
github.com/filetug/filetug/pkg/filetug/navigator.go:433.47,435.23 2 1
github.com/filetug/filetug/pkg/filetug/navigator.go:435.23,437.3 1 1
github.com/filetug/filetug/pkg/filetug/navigator.go:438.2,438.26 1 1
github.com/filetug/filetug/pkg/filetug/navigator.go:444.128,445.23 1 1
github.com/filetug/filetug/pkg/filetug/navigator.go:445.23,447.3 1 1
github.com/filetug/filetug/pkg/filetug/navigator.go:448.2,449.38 2 1
github.com/filetug/filetug/pkg/filetug/navigator.go:449.38,451.3 1 1
github.com/filetug/filetug/pkg/filetug/navigator.go:452.2,453.57 2 1
github.com/filetug/filetug/pkg/filetug/navigator.go:453.57,455.3 1 1
github.com/filetug/filetug/pkg/filetug/navigator.go:456.2,459.17 4 1
github.com/filetug/filetug/pkg/filetug/navigator.go:459.17,461.3 1 1
github.com/filetug/filetug/pkg/filetug/navigator.go:462.2,462.77 1 1
github.com/filetug/filetug/pkg/filetug/navigator.go:462.77,465.24 3 1
github.com/filetug/filetug/pkg/filetug/navigator.go:465.24,468.22 3 1
github.com/filetug/filetug/pkg/filetug/navigator.go:468.22,470.5 1 1
github.com/filetug/filetug/pkg/filetug/navigator.go:471.4,472.62 2 1
github.com/filetug/filetug/pkg/filetug/navigator.go:476.2,477.22 2 1
github.com/filetug/filetug/pkg/filetug/navigator.go:477.22,479.3 1 1
github.com/filetug/filetug/pkg/filetug/navigator.go:481.2,483.12 2 1
github.com/filetug/filetug/pkg/filetug/navigator.go:483.12,485.21 2 1
github.com/filetug/filetug/pkg/filetug/navigator.go:485.21,486.35 1 1
github.com/filetug/filetug/pkg/filetug/navigator.go:486.35,487.19 1 1
github.com/filetug/filetug/pkg/filetug/navigator.go:487.19,490.6 2 1
github.com/filetug/filetug/pkg/filetug/navigator.go:491.5,491.63 1 1
github.com/filetug/filetug/pkg/filetug/navigator.go:497.133,498.26 1 1
github.com/filetug/filetug/pkg/filetug/navigator.go:498.26,500.3 1 1
github.com/filetug/filetug/pkg/filetug/navigator.go:503.2,503.22 1 1
github.com/filetug/filetug/pkg/filetug/navigator.go:503.22,508.3 3 1
github.com/filetug/filetug/pkg/filetug/navigator.go:510.2,510.61 1 1
github.com/filetug/filetug/pkg/filetug/navigator.go:510.61,512.3 1 1
github.com/filetug/filetug/pkg/filetug/navigator.go:513.2,513.22 1 1
github.com/filetug/filetug/pkg/filetug/navigator.go:513.22,515.3 1 1
github.com/filetug/filetug/pkg/filetug/navigator.go:518.70,519.17 1 1
github.com/filetug/filetug/pkg/filetug/navigator.go:519.17,521.3 1 1
github.com/filetug/filetug/pkg/filetug/navigator.go:522.2,522.25 1 1
github.com/filetug/filetug/pkg/filetug/navigator.go:522.25,524.3 1 1
github.com/filetug/filetug/pkg/filetug/navigator.go:525.2,525.22 1 1
github.com/filetug/filetug/pkg/filetug/navigator.go:525.22,528.3 2 1
github.com/filetug/filetug/pkg/filetug/navigator.go:529.2,529.26 1 1
github.com/filetug/filetug/pkg/filetug/navigator.go:529.26,532.3 2 1
github.com/filetug/filetug/pkg/filetug/navigator.go:533.2,533.22 1 1
github.com/filetug/filetug/pkg/filetug/navigator.go:533.22,535.3 1 1
github.com/filetug/filetug/pkg/filetug/navigator.go:538.40,539.28 1 1
github.com/filetug/filetug/pkg/filetug/navigator.go:539.28,541.3 1 1
github.com/filetug/filetug/pkg/filetug/navigator.go:542.2,544.22 2 1
github.com/filetug/filetug/pkg/filetug/navigator.go:544.22,546.3 1 1
github.com/filetug/filetug/pkg/filetug/navigator.go:547.2,548.20 2 1
github.com/filetug/filetug/pkg/filetug/navigator.go:548.20,550.3 1 1
github.com/filetug/filetug/pkg/filetug/navigator.go:551.2,554.66 3 1
github.com/filetug/filetug/pkg/filetug/navigator.go:554.66,558.4 3 1
github.com/filetug/filetug/pkg/filetug/navigator.go:559.3,559.39 1 1
github.com/filetug/filetug/pkg/filetug/navigator.go:562.2,563.26 2 1
github.com/filetug/filetug/pkg/filetug/navigator.go:563.26,565.3 1 1
github.com/filetug/filetug/pkg/filetug/navigator.go:566.2,568.24 3 1
github.com/filetug/filetug/pkg/filetug/navigator.go:568.24,570.3 1 1
github.com/filetug/filetug/pkg/filetug/navigator.go:571.2,575.31 5 1
github.com/filetug/filetug/pkg/filetug/navigator.go:575.31,576.14 1 1
github.com/filetug/filetug/pkg/filetug/navigator.go:576.14,578.4 1 1
github.com/filetug/filetug/pkg/filetug/navigator.go:579.3,581.54 3 1
github.com/filetug/filetug/pkg/filetug/navigator.go:581.54,585.4 3 1
github.com/filetug/filetug/pkg/filetug/navigator.go:586.3,586.35 1 1
github.com/filetug/filetug/pkg/filetug/navigator.go:590.113,591.22 1 1
github.com/filetug/filetug/pkg/filetug/navigator.go:591.22,593.3 1 1
github.com/filetug/filetug/pkg/filetug/navigator.go:594.2,597.16 4 1
github.com/filetug/filetug/pkg/filetug/navigator.go:597.16,599.3 1 1
github.com/filetug/filetug/pkg/filetug/navigator.go:602.2,605.8 3 1
github.com/filetug/filetug/pkg/filetug/navigator.go:608.60,609.43 1 1
github.com/filetug/filetug/pkg/filetug/navigator.go:609.43,611.50 1 1
github.com/filetug/filetug/pkg/filetug/navigator.go:611.50,613.4 1 1
github.com/filetug/filetug/pkg/filetug/navigator.go:613.9,613.57 1 1
github.com/filetug/filetug/pkg/filetug/navigator.go:613.57,615.4 1 1
github.com/filetug/filetug/pkg/filetug/navigator.go:617.3,617.49 1 1
github.com/filetug/filetug/pkg/filetug/navigator.go:619.2,619.17 1 1
github.com/filetug/filetug/pkg/filetug/navigator.go:622.35,623.22 1 1
github.com/filetug/filetug/pkg/filetug/navigator.go:623.22,625.3 1 1
github.com/filetug/filetug/pkg/filetug/navigator.go:626.2,626.22 1 1
github.com/filetug/filetug/pkg/filetug/navigator.go:626.22,628.3 1 1
github.com/filetug/filetug/pkg/filetug/navigator.go:631.38,632.25 1 1
github.com/filetug/filetug/pkg/filetug/navigator.go:632.25,634.3 1 1
github.com/filetug/filetug/pkg/filetug/navigator_state.go:12.54,13.49 1 1
github.com/filetug/filetug/pkg/filetug/navigator_state.go:13.49,14.24 1 1
github.com/filetug/filetug/pkg/filetug/navigator_state.go:14.24,16.4 1 1
github.com/filetug/filetug/pkg/filetug/navigator_state.go:17.3,18.51 2 1
github.com/filetug/filetug/pkg/filetug/navigator_state.go:18.51,20.4 1 1
github.com/filetug/filetug/pkg/filetug/navigator_state.go:21.3,21.17 1 1
github.com/filetug/filetug/pkg/filetug/navigator_state.go:22.24,24.18 2 1
github.com/filetug/filetug/pkg/filetug/navigator_state.go:24.18,26.5 1 1
github.com/filetug/filetug/pkg/filetug/navigator_state.go:27.14,29.18 2 1
github.com/filetug/filetug/pkg/filetug/navigator_state.go:29.18,31.21 2 1
github.com/filetug/filetug/pkg/filetug/navigator_state.go:31.21,33.6 1 1
github.com/filetug/filetug/pkg/filetug/navigator_state.go:37.3,37.29 1 1
github.com/filetug/filetug/pkg/filetug/navigator_state.go:37.29,39.4 1 1
github.com/filetug/filetug/pkg/filetug/navigator_state.go:40.3,41.54 2 1
github.com/filetug/filetug/pkg/filetug/navigator_state.go:41.54,43.18 2 1
github.com/filetug/filetug/pkg/filetug/navigator_state.go:43.18,45.5 1 1
github.com/filetug/filetug/pkg/filetug/navigator_state.go:46.4,48.46 3 1
github.com/filetug/filetug/pkg/filetug/navigator_state.go:50.3,52.22 3 1
github.com/filetug/filetug/pkg/filetug/navigator_state.go:52.22,53.35 1 1
github.com/filetug/filetug/pkg/filetug/navigator_state.go:53.35,55.5 1 1
github.com/filetug/filetug/pkg/filetug/nested_dirs_generator.go:20.90,32.36 9 1
github.com/filetug/filetug/pkg/filetug/nested_dirs_generator.go:32.37,32.38 0 1
github.com/filetug/filetug/pkg/filetug/nested_dirs_generator.go:33.2,33.34 1 1
github.com/filetug/filetug/pkg/filetug/nested_dirs_generator.go:33.34,35.20 2 1
github.com/filetug/filetug/pkg/filetug/nested_dirs_generator.go:35.20,37.4 1 1
github.com/filetug/filetug/pkg/filetug/nested_dirs_generator.go:54.2,59.11 2 1
github.com/filetug/filetug/pkg/filetug/nested_dirs_generator.go:62.137,63.53 1 1
github.com/filetug/filetug/pkg/filetug/nested_dirs_generator.go:63.53,65.3 1 1
github.com/filetug/filetug/pkg/filetug/nested_dirs_generator.go:66.2,66.28 1 1
github.com/filetug/filetug/pkg/filetug/nested_dirs_generator.go:66.28,68.3 1 1
github.com/filetug/filetug/pkg/filetug/nested_dirs_generator.go:69.2,69.16 1 1
github.com/filetug/filetug/pkg/filetug/nested_dirs_generator.go:69.16,71.3 1 1
github.com/filetug/filetug/pkg/filetug/nested_dirs_generator.go:72.2,74.36 3 1
github.com/filetug/filetug/pkg/filetug/nested_dirs_generator.go:74.36,76.13 2 1
github.com/filetug/filetug/pkg/filetug/nested_dirs_generator.go:76.13,81.24 5 1
github.com/filetug/filetug/pkg/filetug/nested_dirs_generator.go:81.24,83.5 1 1
github.com/filetug/filetug/pkg/filetug/nested_dirs_generator.go:86.2,87.12 2 1
github.com/filetug/filetug/pkg/filetug/new_panel.go:23.44,35.38 4 1
github.com/filetug/filetug/pkg/filetug/new_panel.go:35.38,37.3 1 1
github.com/filetug/filetug/pkg/filetug/new_panel.go:39.2,40.39 2 1
github.com/filetug/filetug/pkg/filetug/new_panel.go:40.39,42.3 1 1
github.com/filetug/filetug/pkg/filetug/new_panel.go:44.2,59.42 6 1
github.com/filetug/filetug/pkg/filetug/new_panel.go:59.42,60.14 1 1
github.com/filetug/filetug/pkg/filetug/new_panel.go:61.23,62.18 1 1
github.com/filetug/filetug/pkg/filetug/new_panel.go:63.24,65.20 2 1
github.com/filetug/filetug/pkg/filetug/new_panel.go:69.2,69.70 1 1
github.com/filetug/filetug/pkg/filetug/new_panel.go:69.70,70.34 1 1
github.com/filetug/filetug/pkg/filetug/new_panel.go:70.34,71.33 1 1
github.com/filetug/filetug/pkg/filetug/new_panel.go:71.33,73.5 1 1
github.com/filetug/filetug/pkg/filetug/new_panel.go:73.10,73.41 1 1
github.com/filetug/filetug/pkg/filetug/new_panel.go:73.41,75.5 1 1
github.com/filetug/filetug/pkg/filetug/new_panel.go:75.10,77.5 1 1
github.com/filetug/filetug/pkg/filetug/new_panel.go:78.4,78.14 1 1
github.com/filetug/filetug/pkg/filetug/new_panel.go:80.3,80.35 1 1
github.com/filetug/filetug/pkg/filetug/new_panel.go:80.35,81.24 1 1
github.com/filetug/filetug/pkg/filetug/new_panel.go:82.13,83.44 1 1
github.com/filetug/filetug/pkg/filetug/new_panel.go:83.44,85.6 1 1
github.com/filetug/filetug/pkg/filetug/new_panel.go:86.5,87.15 2 1
github.com/filetug/filetug/pkg/filetug/new_panel.go:88.13,89.44 1 1
github.com/filetug/filetug/pkg/filetug/new_panel.go:89.44,91.6 1 1
github.com/filetug/filetug/pkg/filetug/new_panel.go:92.5,93.15 2 1
github.com/filetug/filetug/pkg/filetug/new_panel.go:96.3,96.15 1 1
github.com/filetug/filetug/pkg/filetug/new_panel.go:99.2,99.10 1 1
github.com/filetug/filetug/pkg/filetug/new_panel.go:102.27,106.2 3 1
github.com/filetug/filetug/pkg/filetug/new_panel.go:108.60,111.2 2 1
github.com/filetug/filetug/pkg/filetug/new_panel.go:113.32,115.16 2 1
github.com/filetug/filetug/pkg/filetug/new_panel.go:115.16,117.3 1 1
github.com/filetug/filetug/pkg/filetug/new_panel.go:118.2,119.22 2 1
github.com/filetug/filetug/pkg/filetug/new_panel.go:119.22,121.3 1 1
github.com/filetug/filetug/pkg/filetug/new_panel.go:122.2,126.16 4 1
github.com/filetug/filetug/pkg/filetug/new_panel.go:126.16,129.3 1 1
github.com/filetug/filetug/pkg/filetug/new_panel.go:131.2,133.35 3 1
github.com/filetug/filetug/pkg/filetug/new_panel.go:133.35,135.3 1 1
github.com/filetug/filetug/pkg/filetug/new_panel.go:138.33,140.16 2 1
github.com/filetug/filetug/pkg/filetug/new_panel.go:140.16,142.3 1 1
github.com/filetug/filetug/pkg/filetug/new_panel.go:143.2,144.22 2 1
github.com/filetug/filetug/pkg/filetug/new_panel.go:144.22,146.3 1 1
github.com/filetug/filetug/pkg/filetug/new_panel.go:147.2,151.16 4 1
github.com/filetug/filetug/pkg/filetug/new_panel.go:151.16,154.3 1 1
github.com/filetug/filetug/pkg/filetug/new_panel.go:156.2,161.39 6 0
github.com/filetug/filetug/pkg/filetug/operation.go:30.14,34.12 4 1
github.com/filetug/filetug/pkg/filetug/operation.go:34.12,35.58 1 1
github.com/filetug/filetug/pkg/filetug/operation.go:35.58,38.4 2 1
github.com/filetug/filetug/pkg/filetug/operation.go:39.3,40.16 2 1
github.com/filetug/filetug/pkg/filetug/operation.go:42.2,42.10 1 1
github.com/filetug/filetug/pkg/filetug/previewer_panel.go:33.56,41.54 7 1
github.com/filetug/filetug/pkg/filetug/previewer_panel.go:41.54,43.3 1 1
github.com/filetug/filetug/pkg/filetug/previewer_panel.go:44.2,65.33 9 1
github.com/filetug/filetug/pkg/filetug/previewer_panel.go:65.33,67.3 1 1
github.com/filetug/filetug/pkg/filetug/previewer_panel.go:69.2,75.29 4 1
github.com/filetug/filetug/pkg/filetug/previewer_panel.go:75.29,78.3 2 1
github.com/filetug/filetug/pkg/filetug/previewer_panel.go:79.2,79.34 1 1
github.com/filetug/filetug/pkg/filetug/previewer_panel.go:79.34,82.3 2 1
github.com/filetug/filetug/pkg/filetug/previewer_panel.go:83.2,83.28 1 1
github.com/filetug/filetug/pkg/filetug/previewer_panel.go:83.28,85.3 1 1
github.com/filetug/filetug/pkg/filetug/previewer_panel.go:86.2,86.33 1 1
github.com/filetug/filetug/pkg/filetug/previewer_panel.go:86.33,88.3 1 1
github.com/filetug/filetug/pkg/filetug/previewer_panel.go:90.2,90.69 1 1
github.com/filetug/filetug/pkg/filetug/previewer_panel.go:90.69,91.22 1 1
github.com/filetug/filetug/pkg/filetug/previewer_panel.go:92.22,94.14 2 1
github.com/filetug/filetug/pkg/filetug/previewer_panel.go:95.20,98.16 1 1
github.com/filetug/filetug/pkg/filetug/previewer_panel.go:99.11,100.16 1 1
github.com/filetug/filetug/pkg/filetug/previewer_panel.go:104.2,104.11 1 1
github.com/filetug/filetug/pkg/filetug/previewer_panel.go:107.58,125.2 17 1
github.com/filetug/filetug/pkg/filetug/previewer_panel.go:127.68,128.30 1 1
github.com/filetug/filetug/pkg/filetug/previewer_panel.go:128.30,130.3 1 1
github.com/filetug/filetug/pkg/filetug/previewer_panel.go:131.2,131.24 1 1
github.com/filetug/filetug/pkg/filetug/previewer_panel.go:131.24,132.46 1 1
github.com/filetug/filetug/pkg/filetug/previewer_panel.go:132.46,134.4 1 1
github.com/filetug/filetug/pkg/filetug/previewer_panel.go:135.3,135.46 1 1
github.com/filetug/filetug/pkg/filetug/previewer_panel.go:135.46,137.4 1 1
github.com/filetug/filetug/pkg/filetug/previewer_panel.go:139.2,140.22 2 1
github.com/filetug/filetug/pkg/filetug/previewer_panel.go:140.22,144.44 1 1
github.com/filetug/filetug/pkg/filetug/previewer_panel.go:144.44,146.4 1 1
github.com/filetug/filetug/pkg/filetug/previewer_panel.go:150.44,156.2 5 1
github.com/filetug/filetug/pkg/filetug/previewer_panel.go:158.47,163.2 4 1
github.com/filetug/filetug/pkg/filetug/previewer_panel.go:165.69,167.31 2 1
github.com/filetug/filetug/pkg/filetug/previewer_panel.go:167.31,173.3 5 1
github.com/filetug/filetug/pkg/filetug/previewer_panel.go:175.2,177.16 3 1
github.com/filetug/filetug/pkg/filetug/previewer_panel.go:177.16,179.3 1 1
github.com/filetug/filetug/pkg/filetug/previewer_panel.go:180.2,184.19 3 1
github.com/filetug/filetug/pkg/filetug/previewer_panel.go:184.19,186.3 1 1
github.com/filetug/filetug/pkg/filetug/previewer_panel.go:186.8,188.3 1 1
github.com/filetug/filetug/pkg/filetug/previewer_panel.go:190.2,191.44 2 1
github.com/filetug/filetug/pkg/filetug/previewer_panel.go:194.74,195.14 1 1
github.com/filetug/filetug/pkg/filetug/previewer_panel.go:196.19,197.74 1 1
github.com/filetug/filetug/pkg/filetug/previewer_panel.go:197.74,199.4 1 0
github.com/filetug/filetug/pkg/filetug/previewer_panel.go:200.3,200.60 1 1
github.com/filetug/filetug/pkg/filetug/previewer_panel.go:201.10,204.14 3 1
github.com/filetug/filetug/pkg/filetug/previewer_panel.go:205.26,206.69 1 1
github.com/filetug/filetug/pkg/filetug/previewer_panel.go:206.69,208.5 1 1
github.com/filetug/filetug/pkg/filetug/previewer_panel.go:209.4,209.58 1 1
github.com/filetug/filetug/pkg/filetug/previewer_panel.go:210.83,211.71 1 1
github.com/filetug/filetug/pkg/filetug/previewer_panel.go:211.71,213.5 1 0
github.com/filetug/filetug/pkg/filetug/previewer_panel.go:214.4,214.59 1 1
github.com/filetug/filetug/pkg/filetug/previewer_panel.go:215.11,216.69 1 1
github.com/filetug/filetug/pkg/filetug/previewer_panel.go:216.69,218.5 1 1
github.com/filetug/filetug/pkg/filetug/previewer_panel.go:219.4,219.58 1 1
github.com/filetug/filetug/pkg/filetug/scripts.go:13.42,15.56 2 1
github.com/filetug/filetug/pkg/filetug/scripts.go:15.56,17.3 1 1
github.com/filetug/filetug/pkg/filetug/scripts.go:18.2,23.21 3 1
github.com/filetug/filetug/pkg/filetug/scripts.go:26.46,31.2 4 1
github.com/filetug/filetug/pkg/filetug/tree.go:33.32,37.20 4 1
github.com/filetug/filetug/pkg/filetug/tree.go:37.20,39.3 1 1
github.com/filetug/filetug/pkg/filetug/tree.go:40.2,44.12 5 1
github.com/filetug/filetug/pkg/filetug/tree.go:44.12,46.3 1 1
github.com/filetug/filetug/pkg/filetug/tree.go:56.34,58.2 1 1
github.com/filetug/filetug/pkg/filetug/tree.go:60.60,62.6 2 1
github.com/filetug/filetug/pkg/filetug/tree.go:62.6,63.113 1 1
github.com/filetug/filetug/pkg/filetug/tree.go:63.113,64.35 1 1
github.com/filetug/filetug/pkg/filetug/tree.go:64.36,64.37 0 1
github.com/filetug/filetug/pkg/filetug/tree.go:65.4,65.10 1 1
github.com/filetug/filetug/pkg/filetug/tree.go:67.3,72.36 6 1
github.com/filetug/filetug/pkg/filetug/tree.go:76.42,79.34 3 1
github.com/filetug/filetug/pkg/filetug/tree.go:79.34,81.24 2 1
github.com/filetug/filetug/pkg/filetug/tree.go:81.24,84.4 2 1
github.com/filetug/filetug/pkg/filetug/tree.go:86.2,86.22 1 1
github.com/filetug/filetug/pkg/filetug/tree.go:89.36,102.2 10 1
github.com/filetug/filetug/pkg/filetug/tree.go:104.46,107.51 2 1
github.com/filetug/filetug/pkg/filetug/tree.go:107.51,112.3 4 1
github.com/filetug/filetug/pkg/filetug/tree.go:115.58,126.2 7 1
github.com/filetug/filetug/pkg/filetug/tree.go:128.47,129.17 1 1
github.com/filetug/filetug/pkg/filetug/tree.go:129.17,131.3 1 1
github.com/filetug/filetug/pkg/filetug/tree.go:132.2,134.30 3 1
github.com/filetug/filetug/pkg/filetug/tree.go:134.30,136.3 1 1
github.com/filetug/filetug/pkg/filetug/tree.go:137.2,137.26 1 1
github.com/filetug/filetug/pkg/filetug/tree.go:140.24,148.24 8 1
github.com/filetug/filetug/pkg/filetug/tree.go:148.24,151.3 2 1
github.com/filetug/filetug/pkg/filetug/tree.go:152.2,152.24 1 1
github.com/filetug/filetug/pkg/filetug/tree.go:152.24,154.3 1 1
github.com/filetug/filetug/pkg/filetug/tree.go:155.2,155.41 1 1
github.com/filetug/filetug/pkg/filetug/tree.go:158.23,162.24 4 1
github.com/filetug/filetug/pkg/filetug/tree.go:162.24,164.3 1 1
github.com/filetug/filetug/pkg/filetug/tree.go:167.68,168.21 1 1
github.com/filetug/filetug/pkg/filetug/tree.go:169.22,171.13 2 1
github.com/filetug/filetug/pkg/filetug/tree.go:172.21,175.33 3 1
github.com/filetug/filetug/pkg/filetug/tree.go:176.26,180.14 4 1
github.com/filetug/filetug/pkg/filetug/tree.go:182.3,182.15 1 1
github.com/filetug/filetug/pkg/filetug/tree.go:183.22,185.51 2 1
github.com/filetug/filetug/pkg/filetug/tree.go:186.26,188.22 2 1
github.com/filetug/filetug/pkg/filetug/tree.go:188.22,190.5 1 1
github.com/filetug/filetug/pkg/filetug/tree.go:191.4,191.37 1 1
github.com/filetug/filetug/pkg/filetug/tree.go:191.37,196.5 4 1
github.com/filetug/filetug/pkg/filetug/tree.go:197.4,199.14 3 1
github.com/filetug/filetug/pkg/filetug/tree.go:201.3,201.15 1 1
github.com/filetug/filetug/pkg/filetug/tree.go:202.19,203.46 1 1
github.com/filetug/filetug/pkg/filetug/tree.go:203.46,207.4 3 1
github.com/filetug/filetug/pkg/filetug/tree.go:208.3,208.15 1 1
github.com/filetug/filetug/pkg/filetug/tree.go:209.26,211.13 2 1
github.com/filetug/filetug/pkg/filetug/tree.go:212.23,214.13 2 1
github.com/filetug/filetug/pkg/filetug/tree.go:215.21,216.63 1 1
github.com/filetug/filetug/pkg/filetug/tree.go:216.63,218.4 1 1
github.com/filetug/filetug/pkg/filetug/tree.go:219.3,220.40 2 1
github.com/filetug/filetug/pkg/filetug/tree.go:220.40,222.4 1 1
github.com/filetug/filetug/pkg/filetug/tree.go:223.3,225.13 3 1
github.com/filetug/filetug/pkg/filetug/tree.go:226.10,227.15 1 1
github.com/filetug/filetug/pkg/filetug/tree.go:231.42,233.19 2 1
github.com/filetug/filetug/pkg/filetug/tree.go:233.19,236.3 2 1
github.com/filetug/filetug/pkg/filetug/tree.go:236.8,239.3 2 1
github.com/filetug/filetug/pkg/filetug/tree.go:240.2,245.36 4 1
github.com/filetug/filetug/pkg/filetug/tree.go:245.36,247.3 1 1
github.com/filetug/filetug/pkg/filetug/tree.go:247.8,247.43 1 1
github.com/filetug/filetug/pkg/filetug/tree.go:247.43,249.3 1 1
github.com/filetug/filetug/pkg/filetug/tree.go:249.8,249.37 1 1
github.com/filetug/filetug/pkg/filetug/tree.go:249.37,251.3 1 1
github.com/filetug/filetug/pkg/filetug/tree.go:261.83,262.13 1 1
github.com/filetug/filetug/pkg/filetug/tree.go:262.13,264.50 2 1
github.com/filetug/filetug/pkg/filetug/tree.go:264.50,267.54 3 1
github.com/filetug/filetug/pkg/filetug/tree.go:267.54,274.39 7 1
github.com/filetug/filetug/pkg/filetug/tree.go:274.39,276.6 1 1
github.com/filetug/filetug/pkg/filetug/tree.go:277.5,277.90 1 1
github.com/filetug/filetug/pkg/filetug/tree.go:277.90,279.6 1 1
github.com/filetug/filetug/pkg/filetug/tree.go:280.10,282.5 1 1
github.com/filetug/filetug/pkg/filetug/tree.go:285.2,285.40 1 1
github.com/filetug/filetug/pkg/filetug/tree.go:285.40,287.3 1 1
github.com/filetug/filetug/pkg/filetug/tree.go:292.60,293.23 1 1
github.com/filetug/filetug/pkg/filetug/tree.go:293.23,295.3 1 1
github.com/filetug/filetug/pkg/filetug/tree.go:296.2,300.21 4 1
github.com/filetug/filetug/pkg/filetug/tree.go:300.21,302.3 1 1
github.com/filetug/filetug/pkg/filetug/tree.go:304.2,305.36 2 1
github.com/filetug/filetug/pkg/filetug/tree.go:305.36,306.31 1 1
github.com/filetug/filetug/pkg/filetug/tree.go:306.31,308.4 1 1
github.com/filetug/filetug/pkg/filetug/tree.go:308.9,310.4 1 1
github.com/filetug/filetug/pkg/filetug/tree.go:311.8,315.57 4 1
github.com/filetug/filetug/pkg/filetug/tree.go:315.57,317.4 1 1
github.com/filetug/filetug/pkg/filetug/tree.go:319.2,323.39 4 1
github.com/filetug/filetug/pkg/filetug/tree.go:332.38,334.2 1 1
github.com/filetug/filetug/pkg/filetug/tree.go:336.37,338.2 1 1
github.com/filetug/filetug/pkg/filetug/tree.go:340.57,342.17 2 1
github.com/filetug/filetug/pkg/filetug/tree.go:342.17,344.3 1 1
github.com/filetug/filetug/pkg/filetug/tree.go:345.2,346.16 2 1
github.com/filetug/filetug/pkg/filetug/tree.go:346.16,348.3 1 1
github.com/filetug/filetug/pkg/filetug/tree.go:349.2,350.30 2 1
github.com/filetug/filetug/pkg/filetug/tree.go:350.30,352.3 1 1
github.com/filetug/filetug/pkg/filetug/tree.go:353.2,353.19 1 1
github.com/filetug/filetug/pkg/filetug/tree.go:356.103,360.44 3 1
github.com/filetug/filetug/pkg/filetug/tree.go:360.44,362.21 2 1
github.com/filetug/filetug/pkg/filetug/tree.go:362.21,364.4 1 1
github.com/filetug/filetug/pkg/filetug/tree.go:367.2,368.33 2 1
github.com/filetug/filetug/pkg/filetug/tree.go:368.33,370.35 2 1
github.com/filetug/filetug/pkg/filetug/tree.go:370.35,371.12 1 1
github.com/filetug/filetug/pkg/filetug/tree.go:373.3,373.20 1 1
github.com/filetug/filetug/pkg/filetug/tree.go:373.20,376.33 3 1
github.com/filetug/filetug/pkg/filetug/tree.go:377.19,378.19 1 1
github.com/filetug/filetug/pkg/filetug/tree.go:379.17,380.19 1 1
github.com/filetug/filetug/pkg/filetug/tree.go:381.24,382.19 1 1
github.com/filetug/filetug/pkg/filetug/tree.go:383.17,384.19 1 1
github.com/filetug/filetug/pkg/filetug/tree.go:385.18,386.19 1 1
github.com/filetug/filetug/pkg/filetug/tree.go:387.20,388.22 1 1
github.com/filetug/filetug/pkg/filetug/tree.go:389.19,390.22 1 1
github.com/filetug/filetug/pkg/filetug/tree.go:391.19,392.22 1 1
github.com/filetug/filetug/pkg/filetug/tree.go:393.21,394.19 1 1
github.com/filetug/filetug/pkg/filetug/tree.go:395.18,396.19 1 1
github.com/filetug/filetug/pkg/filetug/tree.go:397.16,398.18 1 1
github.com/filetug/filetug/pkg/filetug/tree.go:399.18,400.19 1 1
github.com/filetug/filetug/pkg/filetug/tree.go:401.23,402.19 1 1
github.com/filetug/filetug/pkg/filetug/tree.go:403.19,404.19 1 1
github.com/filetug/filetug/pkg/filetug/tree.go:406.4,413.64 7 1
github.com/filetug/filetug/pkg/filetug/windows_utils.go:3.41,5.30 2 1
github.com/filetug/filetug/pkg/filetug/windows_utils.go:5.30,6.16 1 1
github.com/filetug/filetug/pkg/filetug/windows_utils.go:6.16,9.4 2 1
github.com/filetug/filetug/pkg/filetug/windows_utils.go:11.2,11.12 1 1
